[2024-09-21T13:12:09.984+0000] {processor.py:186} INFO - Started process (PID=33) to work on /opt/airflow/dags/sample_dag.py
[2024-09-21T13:12:09.987+0000] {processor.py:914} INFO - Processing file /opt/airflow/dags/sample_dag.py for tasks to queue
[2024-09-21T13:12:09.994+0000] {logging_mixin.py:190} INFO - [2024-09-21T13:12:09.993+0000] {dagbag.py:588} INFO - Filling up the DagBag from /opt/airflow/dags/sample_dag.py
[2024-09-21T13:12:10.067+0000] {processor.py:925} INFO - DAG(s) 'sample_hello_world_dag' retrieved from /opt/airflow/dags/sample_dag.py
[2024-09-21T13:12:10.788+0000] {logging_mixin.py:190} INFO - [2024-09-21T13:12:10.787+0000] {override.py:1900} INFO - Created Permission View: can delete on DAG:sample_hello_world_dag
[2024-09-21T13:12:10.811+0000] {logging_mixin.py:190} INFO - [2024-09-21T13:12:10.810+0000] {override.py:1900} INFO - Created Permission View: can read on DAG:sample_hello_world_dag
[2024-09-21T13:12:10.828+0000] {logging_mixin.py:190} INFO - [2024-09-21T13:12:10.827+0000] {override.py:1900} INFO - Created Permission View: can edit on DAG:sample_hello_world_dag
[2024-09-21T13:12:10.848+0000] {logging_mixin.py:190} INFO - [2024-09-21T13:12:10.848+0000] {override.py:1900} INFO - Created Permission View: can delete on DAG Run:sample_hello_world_dag
[2024-09-21T13:12:10.859+0000] {logging_mixin.py:190} INFO - [2024-09-21T13:12:10.858+0000] {override.py:1900} INFO - Created Permission View: can read on DAG Run:sample_hello_world_dag
[2024-09-21T13:12:10.877+0000] {logging_mixin.py:190} INFO - [2024-09-21T13:12:10.876+0000] {override.py:1900} INFO - Created Permission View: can create on DAG Run:sample_hello_world_dag
[2024-09-21T13:12:10.892+0000] {logging_mixin.py:190} INFO - [2024-09-21T13:12:10.892+0000] {override.py:1900} INFO - Created Permission View: menu access on DAG Run:sample_hello_world_dag
[2024-09-21T13:12:10.893+0000] {logging_mixin.py:190} INFO - [2024-09-21T13:12:10.893+0000] {dag.py:3239} INFO - Sync 1 DAGs
[2024-09-21T13:12:10.927+0000] {logging_mixin.py:190} INFO - [2024-09-21T13:12:10.927+0000] {dag.py:3262} INFO - Creating ORM DAG for sample_hello_world_dag
[2024-09-21T13:12:10.930+0000] {logging_mixin.py:190} INFO - [2024-09-21T13:12:10.929+0000] {dag.py:4180} INFO - Setting next_dagrun for sample_hello_world_dag to None, run_after=None
[2024-09-21T13:12:11.007+0000] {processor.py:208} INFO - Processing /opt/airflow/dags/sample_dag.py took 1.040 seconds
[2024-09-21T13:12:41.356+0000] {processor.py:186} INFO - Started process (PID=39) to work on /opt/airflow/dags/sample_dag.py
[2024-09-21T13:12:41.599+0000] {processor.py:914} INFO - Processing file /opt/airflow/dags/sample_dag.py for tasks to queue
[2024-09-21T13:12:41.667+0000] {logging_mixin.py:190} INFO - [2024-09-21T13:12:41.666+0000] {dagbag.py:588} INFO - Filling up the DagBag from /opt/airflow/dags/sample_dag.py
[2024-09-21T13:12:42.242+0000] {processor.py:925} INFO - DAG(s) 'sample_hello_world_dag' retrieved from /opt/airflow/dags/sample_dag.py
[2024-09-21T13:12:43.994+0000] {logging_mixin.py:190} INFO - [2024-09-21T13:12:43.993+0000] {dag.py:3239} INFO - Sync 1 DAGs
[2024-09-21T13:12:44.976+0000] {logging_mixin.py:190} INFO - [2024-09-21T13:12:44.971+0000] {dag.py:4180} INFO - Setting next_dagrun for sample_hello_world_dag to None, run_after=None
[2024-09-21T13:12:45.472+0000] {processor.py:208} INFO - Processing /opt/airflow/dags/sample_dag.py took 4.214 seconds
[2024-09-21T13:13:16.695+0000] {processor.py:186} INFO - Started process (PID=46) to work on /opt/airflow/dags/sample_dag.py
[2024-09-21T13:13:16.700+0000] {processor.py:914} INFO - Processing file /opt/airflow/dags/sample_dag.py for tasks to queue
[2024-09-21T13:13:16.711+0000] {logging_mixin.py:190} INFO - [2024-09-21T13:13:16.709+0000] {dagbag.py:588} INFO - Filling up the DagBag from /opt/airflow/dags/sample_dag.py
[2024-09-21T13:13:16.820+0000] {processor.py:925} INFO - DAG(s) 'sample_hello_world_dag' retrieved from /opt/airflow/dags/sample_dag.py
[2024-09-21T13:13:16.953+0000] {logging_mixin.py:190} INFO - [2024-09-21T13:13:16.953+0000] {dag.py:3239} INFO - Sync 1 DAGs
[2024-09-21T13:13:17.018+0000] {logging_mixin.py:190} INFO - [2024-09-21T13:13:17.017+0000] {dag.py:4180} INFO - Setting next_dagrun for sample_hello_world_dag to None, run_after=None
[2024-09-21T13:13:17.088+0000] {processor.py:208} INFO - Processing /opt/airflow/dags/sample_dag.py took 0.468 seconds
[2024-09-21T13:13:47.537+0000] {processor.py:186} INFO - Started process (PID=53) to work on /opt/airflow/dags/sample_dag.py
[2024-09-21T13:13:47.544+0000] {processor.py:914} INFO - Processing file /opt/airflow/dags/sample_dag.py for tasks to queue
[2024-09-21T13:13:47.551+0000] {logging_mixin.py:190} INFO - [2024-09-21T13:13:47.550+0000] {dagbag.py:588} INFO - Filling up the DagBag from /opt/airflow/dags/sample_dag.py
[2024-09-21T13:13:47.575+0000] {processor.py:925} INFO - DAG(s) 'sample_hello_world_dag' retrieved from /opt/airflow/dags/sample_dag.py
[2024-09-21T13:13:47.621+0000] {logging_mixin.py:190} INFO - [2024-09-21T13:13:47.621+0000] {dag.py:3239} INFO - Sync 1 DAGs
[2024-09-21T13:13:47.655+0000] {logging_mixin.py:190} INFO - [2024-09-21T13:13:47.655+0000] {dag.py:4180} INFO - Setting next_dagrun for sample_hello_world_dag to None, run_after=None
[2024-09-21T13:13:47.706+0000] {processor.py:208} INFO - Processing /opt/airflow/dags/sample_dag.py took 0.196 seconds
[2024-09-21T13:14:17.934+0000] {processor.py:186} INFO - Started process (PID=60) to work on /opt/airflow/dags/sample_dag.py
[2024-09-21T13:14:17.955+0000] {processor.py:914} INFO - Processing file /opt/airflow/dags/sample_dag.py for tasks to queue
[2024-09-21T13:14:17.961+0000] {logging_mixin.py:190} INFO - [2024-09-21T13:14:17.960+0000] {dagbag.py:588} INFO - Filling up the DagBag from /opt/airflow/dags/sample_dag.py
[2024-09-21T13:14:18.019+0000] {processor.py:925} INFO - DAG(s) 'sample_hello_world_dag' retrieved from /opt/airflow/dags/sample_dag.py
[2024-09-21T13:14:18.066+0000] {logging_mixin.py:190} INFO - [2024-09-21T13:14:18.065+0000] {dag.py:3239} INFO - Sync 1 DAGs
[2024-09-21T13:14:18.095+0000] {logging_mixin.py:190} INFO - [2024-09-21T13:14:18.095+0000] {dag.py:4180} INFO - Setting next_dagrun for sample_hello_world_dag to None, run_after=None
[2024-09-21T13:14:18.127+0000] {processor.py:208} INFO - Processing /opt/airflow/dags/sample_dag.py took 0.228 seconds
[2024-09-21T13:14:48.349+0000] {processor.py:186} INFO - Started process (PID=67) to work on /opt/airflow/dags/sample_dag.py
[2024-09-21T13:14:48.352+0000] {processor.py:914} INFO - Processing file /opt/airflow/dags/sample_dag.py for tasks to queue
[2024-09-21T13:14:48.356+0000] {logging_mixin.py:190} INFO - [2024-09-21T13:14:48.355+0000] {dagbag.py:588} INFO - Filling up the DagBag from /opt/airflow/dags/sample_dag.py
[2024-09-21T13:14:48.377+0000] {processor.py:925} INFO - DAG(s) 'sample_hello_world_dag' retrieved from /opt/airflow/dags/sample_dag.py
[2024-09-21T13:14:48.428+0000] {logging_mixin.py:190} INFO - [2024-09-21T13:14:48.428+0000] {dag.py:3239} INFO - Sync 1 DAGs
[2024-09-21T13:14:48.460+0000] {logging_mixin.py:190} INFO - [2024-09-21T13:14:48.459+0000] {dag.py:4180} INFO - Setting next_dagrun for sample_hello_world_dag to None, run_after=None
[2024-09-21T13:14:48.491+0000] {processor.py:208} INFO - Processing /opt/airflow/dags/sample_dag.py took 0.151 seconds
[2024-09-21T13:15:18.786+0000] {processor.py:186} INFO - Started process (PID=74) to work on /opt/airflow/dags/sample_dag.py
[2024-09-21T13:15:18.794+0000] {processor.py:914} INFO - Processing file /opt/airflow/dags/sample_dag.py for tasks to queue
[2024-09-21T13:15:18.799+0000] {logging_mixin.py:190} INFO - [2024-09-21T13:15:18.798+0000] {dagbag.py:588} INFO - Filling up the DagBag from /opt/airflow/dags/sample_dag.py
[2024-09-21T13:15:18.954+0000] {processor.py:925} INFO - DAG(s) 'sample_hello_world_dag' retrieved from /opt/airflow/dags/sample_dag.py
[2024-09-21T13:15:19.182+0000] {logging_mixin.py:190} INFO - [2024-09-21T13:15:19.182+0000] {dag.py:3239} INFO - Sync 1 DAGs
[2024-09-21T13:15:19.223+0000] {logging_mixin.py:190} INFO - [2024-09-21T13:15:19.222+0000] {dag.py:4180} INFO - Setting next_dagrun for sample_hello_world_dag to None, run_after=None
[2024-09-21T13:15:19.280+0000] {processor.py:208} INFO - Processing /opt/airflow/dags/sample_dag.py took 0.523 seconds
[2024-09-21T13:15:49.737+0000] {processor.py:186} INFO - Started process (PID=81) to work on /opt/airflow/dags/sample_dag.py
[2024-09-21T13:15:49.741+0000] {processor.py:914} INFO - Processing file /opt/airflow/dags/sample_dag.py for tasks to queue
[2024-09-21T13:15:49.753+0000] {logging_mixin.py:190} INFO - [2024-09-21T13:15:49.751+0000] {dagbag.py:588} INFO - Filling up the DagBag from /opt/airflow/dags/sample_dag.py
[2024-09-21T13:15:49.828+0000] {processor.py:925} INFO - DAG(s) 'sample_hello_world_dag' retrieved from /opt/airflow/dags/sample_dag.py
[2024-09-21T13:15:50.051+0000] {logging_mixin.py:190} INFO - [2024-09-21T13:15:50.050+0000] {dag.py:3239} INFO - Sync 1 DAGs
[2024-09-21T13:15:50.109+0000] {logging_mixin.py:190} INFO - [2024-09-21T13:15:50.108+0000] {dag.py:4180} INFO - Setting next_dagrun for sample_hello_world_dag to None, run_after=None
[2024-09-21T13:15:50.283+0000] {processor.py:208} INFO - Processing /opt/airflow/dags/sample_dag.py took 0.584 seconds
[2024-09-21T13:16:20.415+0000] {processor.py:186} INFO - Started process (PID=88) to work on /opt/airflow/dags/sample_dag.py
[2024-09-21T13:16:20.417+0000] {processor.py:914} INFO - Processing file /opt/airflow/dags/sample_dag.py for tasks to queue
[2024-09-21T13:16:20.422+0000] {logging_mixin.py:190} INFO - [2024-09-21T13:16:20.421+0000] {dagbag.py:588} INFO - Filling up the DagBag from /opt/airflow/dags/sample_dag.py
[2024-09-21T13:16:20.449+0000] {processor.py:925} INFO - DAG(s) 'sample_hello_world_dag' retrieved from /opt/airflow/dags/sample_dag.py
[2024-09-21T13:16:20.503+0000] {logging_mixin.py:190} INFO - [2024-09-21T13:16:20.502+0000] {dag.py:3239} INFO - Sync 1 DAGs
[2024-09-21T13:16:20.537+0000] {logging_mixin.py:190} INFO - [2024-09-21T13:16:20.536+0000] {dag.py:4180} INFO - Setting next_dagrun for sample_hello_world_dag to None, run_after=None
[2024-09-21T13:16:20.578+0000] {processor.py:208} INFO - Processing /opt/airflow/dags/sample_dag.py took 0.177 seconds
[2024-09-21T13:16:50.870+0000] {processor.py:186} INFO - Started process (PID=95) to work on /opt/airflow/dags/sample_dag.py
[2024-09-21T13:16:50.872+0000] {processor.py:914} INFO - Processing file /opt/airflow/dags/sample_dag.py for tasks to queue
[2024-09-21T13:16:50.876+0000] {logging_mixin.py:190} INFO - [2024-09-21T13:16:50.876+0000] {dagbag.py:588} INFO - Filling up the DagBag from /opt/airflow/dags/sample_dag.py
[2024-09-21T13:16:50.897+0000] {processor.py:925} INFO - DAG(s) 'sample_hello_world_dag' retrieved from /opt/airflow/dags/sample_dag.py
[2024-09-21T13:16:50.943+0000] {logging_mixin.py:190} INFO - [2024-09-21T13:16:50.941+0000] {dag.py:3239} INFO - Sync 1 DAGs
[2024-09-21T13:16:50.972+0000] {logging_mixin.py:190} INFO - [2024-09-21T13:16:50.972+0000] {dag.py:4180} INFO - Setting next_dagrun for sample_hello_world_dag to None, run_after=None
[2024-09-21T13:16:51.007+0000] {processor.py:208} INFO - Processing /opt/airflow/dags/sample_dag.py took 0.149 seconds
