[2024-09-21T13:12:09.881+0000] {manager.py:483} INFO - Processing files using up to 2 processes at a time 
[2024-09-21T13:12:09.882+0000] {manager.py:484} INFO - Process each file at most once every 30 seconds
[2024-09-21T13:12:09.883+0000] {manager.py:485} INFO - Checking for new files in /opt/airflow/dags every 300 seconds
[2024-09-21T13:12:09.884+0000] {manager.py:821} INFO - Searching for files in /opt/airflow/dags
[2024-09-21T13:12:09.887+0000] {manager.py:824} INFO - There are 1 files in /opt/airflow/dags
[2024-09-21T13:12:10.003+0000] {manager.py:997} INFO - 
================================================================================
DAG File Processing Stats

File Path                          PID  Runtime      # DAGs    # Errors  Last Runtime    Last Run      Last # of DB Queries
-------------------------------  -----  ---------  --------  ----------  --------------  ----------  ----------------------
/opt/airflow/dags/sample_dag.py     33  0.04s             0           0                                                   0
================================================================================
[2024-09-21T13:12:40.080+0000] {manager.py:997} INFO - 
================================================================================
DAG File Processing Stats

File Path                        PID    Runtime      # DAGs    # Errors  Last Runtime    Last Run               Last # of DB Queries
-------------------------------  -----  ---------  --------  ----------  --------------  -------------------  ----------------------
/opt/airflow/dags/sample_dag.py                           1           0  1.08s           2024-09-21T13:12:11                      43
================================================================================
[2024-09-21T13:13:10.220+0000] {manager.py:997} INFO - 
================================================================================
DAG File Processing Stats

File Path                        PID    Runtime      # DAGs    # Errors  Last Runtime    Last Run               Last # of DB Queries
-------------------------------  -----  ---------  --------  ----------  --------------  -------------------  ----------------------
/opt/airflow/dags/sample_dag.py                           1           0  4.37s           2024-09-21T13:12:45                      10
================================================================================
[2024-09-21T13:13:40.389+0000] {manager.py:997} INFO - 
================================================================================
DAG File Processing Stats

File Path                        PID    Runtime      # DAGs    # Errors  Last Runtime    Last Run               Last # of DB Queries
-------------------------------  -----  ---------  --------  ----------  --------------  -------------------  ----------------------
/opt/airflow/dags/sample_dag.py                           1           0  0.73s           2024-09-21T13:13:17                      10
================================================================================
[2024-09-21T13:14:10.765+0000] {manager.py:997} INFO - 
================================================================================
DAG File Processing Stats

File Path                        PID    Runtime      # DAGs    # Errors  Last Runtime    Last Run               Last # of DB Queries
-------------------------------  -----  ---------  --------  ----------  --------------  -------------------  ----------------------
/opt/airflow/dags/sample_dag.py                           1           0  0.24s           2024-09-21T13:13:47                      10
================================================================================
[2024-09-21T13:14:41.255+0000] {manager.py:997} INFO - 
================================================================================
DAG File Processing Stats

File Path                        PID    Runtime      # DAGs    # Errors  Last Runtime    Last Run               Last # of DB Queries
-------------------------------  -----  ---------  --------  ----------  --------------  -------------------  ----------------------
/opt/airflow/dags/sample_dag.py                           1           0  0.27s           2024-09-21T13:14:18                      10
================================================================================
[2024-09-21T13:15:11.643+0000] {manager.py:997} INFO - 
================================================================================
DAG File Processing Stats

File Path                        PID    Runtime      # DAGs    # Errors  Last Runtime    Last Run               Last # of DB Queries
-------------------------------  -----  ---------  --------  ----------  --------------  -------------------  ----------------------
/opt/airflow/dags/sample_dag.py                           1           0  0.17s           2024-09-21T13:14:48                      10
================================================================================
[2024-09-21T13:15:41.988+0000] {manager.py:997} INFO - 
================================================================================
DAG File Processing Stats

File Path                        PID    Runtime      # DAGs    # Errors  Last Runtime    Last Run               Last # of DB Queries
-------------------------------  -----  ---------  --------  ----------  --------------  -------------------  ----------------------
/opt/airflow/dags/sample_dag.py                           1           0  0.56s           2024-09-21T13:15:19                      10
================================================================================
[2024-09-21T13:16:12.311+0000] {manager.py:997} INFO - 
================================================================================
DAG File Processing Stats

File Path                        PID    Runtime      # DAGs    # Errors  Last Runtime    Last Run               Last # of DB Queries
-------------------------------  -----  ---------  --------  ----------  --------------  -------------------  ----------------------
/opt/airflow/dags/sample_dag.py                           1           0  0.63s           2024-09-21T13:15:50                      10
================================================================================
[2024-09-21T13:16:42.784+0000] {manager.py:997} INFO - 
================================================================================
DAG File Processing Stats

File Path                        PID    Runtime      # DAGs    # Errors  Last Runtime    Last Run               Last # of DB Queries
-------------------------------  -----  ---------  --------  ----------  --------------  -------------------  ----------------------
/opt/airflow/dags/sample_dag.py                           1           0  0.20s           2024-09-21T13:16:20                      10
================================================================================
[2024-09-21T13:16:53.961+0000] {manager.py:465} INFO - Exiting gracefully upon receiving signal 15
